<?xml version="1.0" encoding="UTF-8"?>
<testsuite xmlns:xsi="http://www.w3.org/2001/XMLSchema-instance" xsi:noNamespaceSchemaLocation="https://maven.apache.org/surefire/maven-surefire-plugin/xsd/surefire-test-report.xsd" name="com.codingblackfemales.BasicCurrencyConverterTest" time="0.604" tests="13" errors="0" skipped="0" failures="0">
  <properties>
    <property name="java.specification.version" value="17"/>
    <property name="sun.cpu.isalist" value="amd64"/>
    <property name="sun.jnu.encoding" value="Cp1252"/>
    <property name="java.class.path" value="C:\Users\admin\CBFAcademy\java-currency-converter-assessment-Teyiowuawi\target\test-classes;C:\Users\admin\CBFAcademy\java-currency-converter-assessment-Teyiowuawi\target\classes;C:\Users\admin\.m2\repository\junit\junit\4.11\junit-4.11.jar;C:\Users\admin\.m2\repository\org\hamcrest\hamcrest-core\1.3\hamcrest-core-1.3.jar;"/>
    <property name="java.vm.vendor" value="Microsoft"/>
    <property name="sun.arch.data.model" value="64"/>
    <property name="user.variant" value=""/>
    <property name="java.vendor.url" value="https://www.microsoft.com"/>
    <property name="user.timezone" value="Europe/London"/>
    <property name="os.name" value="Windows 10"/>
    <property name="java.vm.specification.version" value="17"/>
    <property name="sun.java.launcher" value="SUN_STANDARD"/>
    <property name="user.country" value="GB"/>
    <property name="sun.boot.library.path" value="C:\Program Files\Microsoft\jdk-17.0.8.101-hotspot\bin"/>
    <property name="sun.java.command" value="C:\Users\admin\AppData\Local\Temp\surefire13416260714426087749\surefirebooter5030058575251884567.jar C:\Users\admin\AppData\Local\Temp\surefire13416260714426087749 2023-09-05T22-29-30_484-jvmRun1 surefire17637816315992018327tmp surefire_014302663355238818589tmp"/>
    <property name="jdk.debug" value="release"/>
    <property name="surefire.test.class.path" value="C:\Users\admin\CBFAcademy\java-currency-converter-assessment-Teyiowuawi\target\test-classes;C:\Users\admin\CBFAcademy\java-currency-converter-assessment-Teyiowuawi\target\classes;C:\Users\admin\.m2\repository\junit\junit\4.11\junit-4.11.jar;C:\Users\admin\.m2\repository\org\hamcrest\hamcrest-core\1.3\hamcrest-core-1.3.jar;"/>
    <property name="sun.cpu.endian" value="little"/>
    <property name="user.home" value="C:\Users\admin"/>
    <property name="user.language" value="en"/>
    <property name="java.specification.vendor" value="Oracle Corporation"/>
    <property name="java.version.date" value="2023-08-24"/>
    <property name="java.home" value="C:\Program Files\Microsoft\jdk-17.0.8.101-hotspot"/>
    <property name="file.separator" value="\"/>
    <property name="basedir" value="C:\Users\admin\CBFAcademy\java-currency-converter-assessment-Teyiowuawi"/>
    <property name="java.vm.compressedOopsMode" value="32-bit"/>
    <property name="line.separator" value="&#10;"/>
    <property name="java.vm.specification.vendor" value="Oracle Corporation"/>
    <property name="java.specification.name" value="Java Platform API Specification"/>
    <property name="surefire.real.class.path" value="C:\Users\admin\AppData\Local\Temp\surefire13416260714426087749\surefirebooter5030058575251884567.jar"/>
    <property name="user.script" value=""/>
    <property name="sun.management.compiler" value="HotSpot 64-Bit Tiered Compilers"/>
    <property name="java.runtime.version" value="17.0.8.1+1-LTS"/>
    <property name="user.name" value="admin"/>
    <property name="path.separator" value=";"/>
    <property name="os.version" value="10.0"/>
    <property name="java.runtime.name" value="OpenJDK Runtime Environment"/>
    <property name="file.encoding" value="Cp1252"/>
    <property name="java.vm.name" value="OpenJDK 64-Bit Server VM"/>
    <property name="java.vendor.version" value="Microsoft-8297089"/>
    <property name="localRepository" value="C:\Users\admin\.m2\repository"/>
    <property name="java.vendor.url.bug" value="https://github.com/microsoft/openjdk/issues"/>
    <property name="java.io.tmpdir" value="C:\Users\admin\AppData\Local\Temp\"/>
    <property name="java.version" value="17.0.8.1"/>
    <property name="user.dir" value="C:\Users\admin\CBFAcademy\java-currency-converter-assessment-Teyiowuawi"/>
    <property name="os.arch" value="amd64"/>
    <property name="java.vm.specification.name" value="Java Virtual Machine Specification"/>
    <property name="sun.os.patch.level" value=""/>
    <property name="native.encoding" value="Cp1252"/>
    <property name="java.library.path" value="C:\Program Files\Microsoft\jdk-17.0.8.101-hotspot\bin;C:\WINDOWS\Sun\Java\bin;C:\WINDOWS\system32;C:\WINDOWS;C:\Users\admin\bin;C:\Program Files\Git\mingw64\bin;C:\Program Files\Git\usr\local\bin;C:\Program Files\Git\usr\bin;C:\Program Files\Git\usr\bin;C:\Program Files\Git\mingw64\bin;C:\Program Files\Git\usr\bin;C:\Users\admin\bin;C:\Program Files\Microsoft\jdk-17.0.8.101-hotspot;C:\WINDOWS\system32;C:\WINDOWS;C:\WINDOWS\System32\Wbem;C:\WINDOWS\System32\WindowsPowerShell\v1.0;C:\WINDOWS\System32\OpenSSH;C:\Program Files\Git\cmd;C:\Program Files\apache-maven-3.9.4\bin;C:\Users\admin\AppData\Local\Microsoft\WindowsApps;C:\Users\admin\AppData\Local\Programs\Microsoft VS Code\bin;C:\Program Files\Git\usr\bin\vendor_perl;C:\Program Files\Git\usr\bin\core_perl;."/>
    <property name="java.vm.info" value="mixed mode, sharing"/>
    <property name="java.vendor" value="Microsoft"/>
    <property name="java.vm.version" value="17.0.8.1+1-LTS"/>
    <property name="sun.io.unicode.encoding" value="UnicodeLittle"/>
    <property name="java.class.version" value="61.0"/>
  </properties>
  <testcase name="returnsTheConvertedValueForTheGivenCurrencies" classname="com.codingblackfemales.BasicCurrencyConverterTest" time="0.024"/>
  <testcase name="returnsZeroValueWhenTheSourceCurrencyCodeIsNotPresent" classname="com.codingblackfemales.BasicCurrencyConverterTest" time="0.008"/>
  <testcase name="returnsTheConvertedValueForEuroToUnitedStatesDollars" classname="com.codingblackfemales.BasicCurrencyConverterTest" time="0"/>
  <testcase name="returnsZeroValueWhenTheDestinationCurrencyCodeIsNotPresent" classname="com.codingblackfemales.BasicCurrencyConverterTest" time="0.002"/>
  <testcase name="returnsZeroValueWhenTheSourceCurrencyIsNotASupportedCurrency" classname="com.codingblackfemales.BasicCurrencyConverterTest" time="0"/>
  <testcase name="returnsTheConvertedValueForSterlingToSterling" classname="com.codingblackfemales.BasicCurrencyConverterTest" time="0"/>
  <testcase name="returnsZeroValueWhenTheAmountisNotAValidNumber" classname="com.codingblackfemales.BasicCurrencyConverterTest" time="0.008"/>
  <testcase name="returnsTheExchangeRateForDestinationCurrencyWhenSourceCurrencyIsNotSterling" classname="com.codingblackfemales.BasicCurrencyConverterTest" time="0"/>
  <testcase name="returnsZeroValueWhenTheDestinationCurrencyIsNotASupportedCurrency" classname="com.codingblackfemales.BasicCurrencyConverterTest" time="0"/>
  <testcase name="returnsZeroValueWhenTheAmountIsAMinusValue" classname="com.codingblackfemales.BasicCurrencyConverterTest" time="0"/>
  <testcase name="returnsTheConvertedValueForNairatoEastCaribbeanDollars" classname="com.codingblackfemales.BasicCurrencyConverterTest" time="0"/>
  <testcase name="returnsEmptyResultWhenNoAvailaleCurrencyCodesAreFound" classname="com.codingblackfemales.BasicCurrencyConverterTest" time="0.01"/>
  <testcase name="returnsAllAvailableCurrencyCodes" classname="com.codingblackfemales.BasicCurrencyConverterTest" time="0"/>
</testsuite>